Arguments: 
  C:\Program Files\nodejs\node.exe C:\Users\skips\AppData\Roaming\npm\node_modules\yarn\bin\yarn.js add bootstrap-wysihtml5

PATH: 
  C:\Users\skips\bin;C:\Program Files\Git\mingw64\bin;C:\Program Files\Git\usr\local\bin;C:\Program Files\Git\usr\bin;C:\Program Files\Git\usr\bin;C:\Program Files\Git\mingw64\bin;C:\Program Files\Git\usr\bin;C:\Users\skips\bin;C:\ProgramData\Oracle\Java\javapath;C:\Program Files (x86)\Common Files\Oracle\Java\javapath;C:\Windows\system32;C:\Windows;C:\Windows\System32\Wbem;C:\Windows\System32\WindowsPowerShell\v1.0;C:\Windows\System32\OpenSSH;C:\Program Files\Git\cmd;C:\Program Files\dotnet;C:\Program Files\Microsoft SQL Server\130\Tools\Binn;C:\Program Files\nodejs;C:\Users\skips\AppData\Local\Programs\Python\Python39\Scripts;C:\Users\skips\AppData\Local\Programs\Python\Python39;C:\Users\skips\AppData\Local\Microsoft\WindowsApps;C:\Users\skips\AppData\Local\Programs\Microsoft VS Code\bin;C:\Users\skips\.dotnet\tools;C:\Users\skips\AppData\Local\GitHubDesktop\bin;C:\Users\skips\AppData\Roaming\npm;C:\Program Files\Git\usr\bin\vendor_perl;C:\Program Files\Git\usr\bin\core_perl

Yarn version: 
  1.22.11

Node version: 
  16.11.1

Platform: 
  win32 x64

Trace: 
  Error: https://registry.yarnpkg.com/bootstrap-wysihtml5: Not found
      at Request.params.callback [as _callback] (C:\Users\skips\AppData\Roaming\npm\node_modules\yarn\lib\cli.js:66992:18)
      at Request.self.callback (C:\Users\skips\AppData\Roaming\npm\node_modules\yarn\lib\cli.js:140763:22)
      at Request.emit (node:events:390:28)
      at Request.<anonymous> (C:\Users\skips\AppData\Roaming\npm\node_modules\yarn\lib\cli.js:141735:10)
      at Request.emit (node:events:390:28)
      at IncomingMessage.<anonymous> (C:\Users\skips\AppData\Roaming\npm\node_modules\yarn\lib\cli.js:141657:12)
      at Object.onceWrapper (node:events:509:28)
      at IncomingMessage.emit (node:events:402:35)
      at endReadableNT (node:internal/streams/readable:1343:12)
      at processTicksAndRejections (node:internal/process/task_queues:83:21)

npm manifest: 
  {
    "name": "skote",
    "version": "1.0.0",
    "description": "",
    "main": "index.js",
    "scripts": {
      "test": "echo \"Error: no test specified\" && exit 1"
    },
    "repository": {
      "type": "git",
      "url": "git+https://github.com/DanilTezin/skote.git"
    },
    "author": "",
    "license": "ISC",
    "bugs": {
      "url": "https://github.com/DanilTezin/skote/issues"
    },
    "homepage": "https://github.com/DanilTezin/skote#readme"
  }

yarn manifest: 
  No manifest

Lockfile: 
  No lockfile
